<?xml version="1.0" encoding="utf-8"?><testsuites name="pytest tests"><testsuite name="pytest" errors="0" failures="1" skipped="0" tests="31" time="10.376" timestamp="2026-08-13T17:48:09.561410+00:00" hostname="agent-env-0a521bc3-8fae-452e-ba94-e2936a6e2c41"><testcase classname="tests.backend_test.TestPractice" name="test_list_questions" time="0.235" /><testcase classname="tests.backend_test.TestAuth" name="test_root" time="0.304" /><testcase classname="tests.backend_test.TestPractice" name="test_filter_easy" time="0.122" /><testcase classname="tests.backend_test.TestAuth" name="test_register_new_student" time="0.352"><failure message="AssertionError: assert 'test_stu_690...sicsverse.com' == 'TEST_stu_690...sicsverse.com'&#10;  &#10;  - TEST_stu_6906d2b5@physicsverse.com&#10;  ? ^^^^&#10;  + test_stu_6906d2b5@physicsverse.com&#10;  ? ^^^^">tests/backend_test.py:64: in test_register_new_student
    assert data["email"] == email
E   AssertionError: assert 'test_stu_690...sicsverse.com' == 'TEST_stu_690...sicsverse.com'
E     
E     - TEST_stu_6906d2b5@physicsverse.com
E     ? ^^^^
E     + test_stu_6906d2b5@physicsverse.com
E     ? ^^^^</failure></testcase><testcase classname="tests.backend_test.TestAuth" name="test_register_new_teacher" time="0.494" /><testcase classname="tests.backend_test.TestPractice" name="test_submit_mcq_correct" time="0.899" /><testcase classname="tests.backend_test.TestAuth" name="test_register_duplicate_email" time="0.117" /><testcase classname="tests.backend_test.TestPractice" name="test_submit_mcq_incorrect" time="0.140" /><testcase classname="tests.backend_test.TestPractice" name="test_submit_numerical" time="0.270" /><testcase classname="tests.backend_test.TestAuth" name="test_login_student" time="0.364" /><testcase classname="tests.backend_test.TestPractice" name="test_submit_unknown_question" time="0.348" /><testcase classname="tests.backend_test.TestAuth" name="test_login_teacher" time="0.348" /><testcase classname="tests.backend_test.TestAuth" name="test_login_invalid" time="0.420" /><testcase classname="tests.backend_test.TestPractice" name="test_submit_requires_auth" time="0.157" /><testcase classname="tests.backend_test.TestContent" name="test_topics" time="0.272" /><testcase classname="tests.backend_test.TestAuth" name="test_me_with_bearer" time="0.118" /><testcase classname="tests.backend_test.TestContent" name="test_simulations" time="0.176" /><testcase classname="tests.backend_test.TestAuth" name="test_me_unauth" time="0.326" /><testcase classname="tests.backend_test.TestContent" name="test_simulation_projectile" time="0.136" /><testcase classname="tests.backend_test.TestContent" name="test_simulation_404" time="0.250" /><testcase classname="tests.backend_test.TestAuth" name="test_login_sets_cookie" time="0.418" /><testcase classname="tests.backend_test.TestContent" name="test_experiments" time="0.237" /><testcase classname="tests.backend_test.TestAnalytics" name="test_my_analytics" time="0.117" /><testcase classname="tests.backend_test.TestLab" name="test_create_and_list_report" time="0.421" /><testcase classname="tests.backend_test.TestLab" name="test_lab_viva_ai" time="4.628" /><testcase classname="tests.backend_test.TestAnalytics" name="test_class_analytics_teacher" time="0.592" /><testcase classname="tests.backend_test.TestAnalytics" name="test_class_analytics_forbids_student" time="0.145" /><testcase classname="tests.backend_test.TestTutor" name="test_sessions_empty_ok" time="0.130" /><testcase classname="tests.backend_test.TestTutor" name="test_tutor_sse_stream" time="5.587" /><testcase classname="tests.backend_test.TestLab" name="test_lab_viva_404" time="0.162" /><testcase classname="tests.backend_test.TestNotes" name="test_create_list_delete" time="0.520" /></testsuite></testsuites>